  dotProduct.cpp
C:\Users\paniw\Desktop\Peiravani_Manually Opt\Peiravani_manuOpt\Peiravani_manuOpt\dotProduct.cpp(10,5): error C4235: nonstandard extension used: '__asm' keyword not supported on this architecture
C:\Users\paniw\Desktop\Peiravani_Manually Opt\Peiravani_manuOpt\Peiravani_manuOpt\dotProduct.cpp(11,9): error C2065: 'pxor': undeclared identifier
C:\Users\paniw\Desktop\Peiravani_Manually Opt\Peiravani_manuOpt\Peiravani_manuOpt\dotProduct.cpp(11,14): error C2146: syntax error: missing ';' before identifier 'xmm0'
C:\Users\paniw\Desktop\Peiravani_Manually Opt\Peiravani_manuOpt\Peiravani_manuOpt\dotProduct.cpp(11,14): error C2065: 'xmm0': undeclared identifier
C:\Users\paniw\Desktop\Peiravani_Manually Opt\Peiravani_manuOpt\Peiravani_manuOpt\dotProduct.cpp(11,20): error C2065: 'xmm0': undeclared identifier
C:\Users\paniw\Desktop\Peiravani_Manually Opt\Peiravani_manuOpt\Peiravani_manuOpt\dotProduct.cpp(13,9): error C2065: 'mov': undeclared identifier
C:\Users\paniw\Desktop\Peiravani_Manually Opt\Peiravani_manuOpt\Peiravani_manuOpt\dotProduct.cpp(13,13): error C2146: syntax error: missing ';' before identifier 'eax'
C:\Users\paniw\Desktop\Peiravani_Manually Opt\Peiravani_manuOpt\Peiravani_manuOpt\dotProduct.cpp(13,13): error C2065: 'eax': undeclared identifier
C:\Users\paniw\Desktop\Peiravani_Manually Opt\Peiravani_manuOpt\Peiravani_manuOpt\dotProduct.cpp(13,18): error C2065: 'dword': undeclared identifier
C:\Users\paniw\Desktop\Peiravani_Manually Opt\Peiravani_manuOpt\Peiravani_manuOpt\dotProduct.cpp(13,24): error C2146: syntax error: missing ';' before identifier 'ptr'
C:\Users\paniw\Desktop\Peiravani_Manually Opt\Peiravani_manuOpt\Peiravani_manuOpt\dotProduct.cpp(13,24): error C2065: 'ptr': undeclared identifier
C:\Users\paniw\Desktop\Peiravani_Manually Opt\Peiravani_manuOpt\Peiravani_manuOpt\dotProduct.cpp(14,9): error C2065: 'mov': undeclared identifier
C:\Users\paniw\Desktop\Peiravani_Manually Opt\Peiravani_manuOpt\Peiravani_manuOpt\dotProduct.cpp(14,13): error C2146: syntax error: missing ';' before identifier 'ebx'
C:\Users\paniw\Desktop\Peiravani_Manually Opt\Peiravani_manuOpt\Peiravani_manuOpt\dotProduct.cpp(14,13): error C2065: 'ebx': undeclared identifier
C:\Users\paniw\Desktop\Peiravani_Manually Opt\Peiravani_manuOpt\Peiravani_manuOpt\dotProduct.cpp(14,18): error C2065: 'dword': undeclared identifier
C:\Users\paniw\Desktop\Peiravani_Manually Opt\Peiravani_manuOpt\Peiravani_manuOpt\dotProduct.cpp(14,24): error C2146: syntax error: missing ';' before identifier 'ptr'
C:\Users\paniw\Desktop\Peiravani_Manually Opt\Peiravani_manuOpt\Peiravani_manuOpt\dotProduct.cpp(14,24): error C2065: 'ptr': undeclared identifier
C:\Users\paniw\Desktop\Peiravani_Manually Opt\Peiravani_manuOpt\Peiravani_manuOpt\dotProduct.cpp(15,9): error C2065: 'mov': undeclared identifier
C:\Users\paniw\Desktop\Peiravani_Manually Opt\Peiravani_manuOpt\Peiravani_manuOpt\dotProduct.cpp(15,13): error C2146: syntax error: missing ';' before identifier 'ecx'
C:\Users\paniw\Desktop\Peiravani_Manually Opt\Peiravani_manuOpt\Peiravani_manuOpt\dotProduct.cpp(15,13): error C2065: 'ecx': undeclared identifier
C:\Users\paniw\Desktop\Peiravani_Manually Opt\Peiravani_manuOpt\Peiravani_manuOpt\dotProduct.cpp(15,18): error C2065: 'dword': undeclared identifier
C:\Users\paniw\Desktop\Peiravani_Manually Opt\Peiravani_manuOpt\Peiravani_manuOpt\dotProduct.cpp(15,24): error C2146: syntax error: missing ';' before identifier 'ptr'
C:\Users\paniw\Desktop\Peiravani_Manually Opt\Peiravani_manuOpt\Peiravani_manuOpt\dotProduct.cpp(15,24): error C2065: 'ptr': undeclared identifier
C:\Users\paniw\Desktop\Peiravani_Manually Opt\Peiravani_manuOpt\Peiravani_manuOpt\dotProduct.cpp(18,9): error C2065: 'movups': undeclared identifier
C:\Users\paniw\Desktop\Peiravani_Manually Opt\Peiravani_manuOpt\Peiravani_manuOpt\dotProduct.cpp(18,16): error C2146: syntax error: missing ';' before identifier 'xmm0'
C:\Users\paniw\Desktop\Peiravani_Manually Opt\Peiravani_manuOpt\Peiravani_manuOpt\dotProduct.cpp(18,16): error C2065: 'xmm0': undeclared identifier
C:\Users\paniw\Desktop\Peiravani_Manually Opt\Peiravani_manuOpt\Peiravani_manuOpt\dotProduct.cpp(18,27): error C2760: syntax error: ';' was unexpected here; expected '{'
C:\Users\paniw\Desktop\Peiravani_Manually Opt\Peiravani_manuOpt\Peiravani_manuOpt\dotProduct.cpp(19,9): error C2065: 'movups': undeclared identifier
C:\Users\paniw\Desktop\Peiravani_Manually Opt\Peiravani_manuOpt\Peiravani_manuOpt\dotProduct.cpp(19,16): error C2146: syntax error: missing ',' before identifier 'xmm1'
C:\Users\paniw\Desktop\Peiravani_Manually Opt\Peiravani_manuOpt\Peiravani_manuOpt\dotProduct.cpp(20,9): error C2065: 'mulps': undeclared identifier
C:\Users\paniw\Desktop\Peiravani_Manually Opt\Peiravani_manuOpt\Peiravani_manuOpt\dotProduct.cpp(20,15): error C2146: syntax error: missing ';' before identifier 'xmm1'
C:\Users\paniw\Desktop\Peiravani_Manually Opt\Peiravani_manuOpt\Peiravani_manuOpt\dotProduct.cpp(20,15): error C2065: 'xmm1': undeclared identifier
C:\Users\paniw\Desktop\Peiravani_Manually Opt\Peiravani_manuOpt\Peiravani_manuOpt\dotProduct.cpp(20,21): error C2065: 'xmm2': undeclared identifier
C:\Users\paniw\Desktop\Peiravani_Manually Opt\Peiravani_manuOpt\Peiravani_manuOpt\dotProduct.cpp(21,9): error C2065: 'addps': undeclared identifier
C:\Users\paniw\Desktop\Peiravani_Manually Opt\Peiravani_manuOpt\Peiravani_manuOpt\dotProduct.cpp(21,15): error C2146: syntax error: missing ';' before identifier 'xmm0'
C:\Users\paniw\Desktop\Peiravani_Manually Opt\Peiravani_manuOpt\Peiravani_manuOpt\dotProduct.cpp(21,15): error C2065: 'xmm0': undeclared identifier
C:\Users\paniw\Desktop\Peiravani_Manually Opt\Peiravani_manuOpt\Peiravani_manuOpt\dotProduct.cpp(21,21): error C2065: 'xmm1': undeclared identifier
C:\Users\paniw\Desktop\Peiravani_Manually Opt\Peiravani_manuOpt\Peiravani_manuOpt\dotProduct.cpp(23,9): error C2065: 'add': undeclared identifier
C:\Users\paniw\Desktop\Peiravani_Manually Opt\Peiravani_manuOpt\Peiravani_manuOpt\dotProduct.cpp(23,13): error C2146: syntax error: missing ';' before identifier 'eax'
C:\Users\paniw\Desktop\Peiravani_Manually Opt\Peiravani_manuOpt\Peiravani_manuOpt\dotProduct.cpp(23,13): error C2065: 'eax': undeclared identifier
C:\Users\paniw\Desktop\Peiravani_Manually Opt\Peiravani_manuOpt\Peiravani_manuOpt\dotProduct.cpp(24,9): error C2065: 'add': undeclared identifier
C:\Users\paniw\Desktop\Peiravani_Manually Opt\Peiravani_manuOpt\Peiravani_manuOpt\dotProduct.cpp(24,13): error C2146: syntax error: missing ';' before identifier 'ebx'
C:\Users\paniw\Desktop\Peiravani_Manually Opt\Peiravani_manuOpt\Peiravani_manuOpt\dotProduct.cpp(24,13): error C2065: 'ebx': undeclared identifier
C:\Users\paniw\Desktop\Peiravani_Manually Opt\Peiravani_manuOpt\Peiravani_manuOpt\dotProduct.cpp(25,9): error C2065: 'sub': undeclared identifier
C:\Users\paniw\Desktop\Peiravani_Manually Opt\Peiravani_manuOpt\Peiravani_manuOpt\dotProduct.cpp(25,13): error C2146: syntax error: missing ';' before identifier 'ecx'
C:\Users\paniw\Desktop\Peiravani_Manually Opt\Peiravani_manuOpt\Peiravani_manuOpt\dotProduct.cpp(25,13): error C2065: 'ecx': undeclared identifier
C:\Users\paniw\Desktop\Peiravani_Manually Opt\Peiravani_manuOpt\Peiravani_manuOpt\dotProduct.cpp(26,9): error C2065: 'jnz': undeclared identifier
C:\Users\paniw\Desktop\Peiravani_Manually Opt\Peiravani_manuOpt\Peiravani_manuOpt\dotProduct.cpp(26,13): error C2146: syntax error: missing ';' before identifier '$MyLoop'
C:\Users\paniw\Desktop\Peiravani_Manually Opt\Peiravani_manuOpt\Peiravani_manuOpt\dotProduct.cpp(26,13): error C2065: '$MyLoop': undeclared identifier
C:\Users\paniw\Desktop\Peiravani_Manually Opt\Peiravani_manuOpt\Peiravani_manuOpt\dotProduct.cpp(28,9): error C2065: 'haddps': undeclared identifier
C:\Users\paniw\Desktop\Peiravani_Manually Opt\Peiravani_manuOpt\Peiravani_manuOpt\dotProduct.cpp(28,16): error C2146: syntax error: missing ';' before identifier 'xmm0'
C:\Users\paniw\Desktop\Peiravani_Manually Opt\Peiravani_manuOpt\Peiravani_manuOpt\dotProduct.cpp(28,16): error C2065: 'xmm0': undeclared identifier
C:\Users\paniw\Desktop\Peiravani_Manually Opt\Peiravani_manuOpt\Peiravani_manuOpt\dotProduct.cpp(28,22): error C2065: 'xmm0': undeclared identifier
C:\Users\paniw\Desktop\Peiravani_Manually Opt\Peiravani_manuOpt\Peiravani_manuOpt\dotProduct.cpp(29,9): error C2065: 'haddps': undeclared identifier
C:\Users\paniw\Desktop\Peiravani_Manually Opt\Peiravani_manuOpt\Peiravani_manuOpt\dotProduct.cpp(29,16): error C2146: syntax error: missing ';' before identifier 'xmm0'
C:\Users\paniw\Desktop\Peiravani_Manually Opt\Peiravani_manuOpt\Peiravani_manuOpt\dotProduct.cpp(29,16): error C2065: 'xmm0': undeclared identifier
C:\Users\paniw\Desktop\Peiravani_Manually Opt\Peiravani_manuOpt\Peiravani_manuOpt\dotProduct.cpp(29,22): error C2065: 'xmm0': undeclared identifier
C:\Users\paniw\Desktop\Peiravani_Manually Opt\Peiravani_manuOpt\Peiravani_manuOpt\dotProduct.cpp(30,9): error C2065: 'movss': undeclared identifier
C:\Users\paniw\Desktop\Peiravani_Manually Opt\Peiravani_manuOpt\Peiravani_manuOpt\dotProduct.cpp(30,15): error C2146: syntax error: missing ';' before identifier 'dword'
C:\Users\paniw\Desktop\Peiravani_Manually Opt\Peiravani_manuOpt\Peiravani_manuOpt\dotProduct.cpp(30,15): error C2065: 'dword': undeclared identifier
C:\Users\paniw\Desktop\Peiravani_Manually Opt\Peiravani_manuOpt\Peiravani_manuOpt\dotProduct.cpp(30,21): error C2146: syntax error: missing ';' before identifier 'ptr'
C:\Users\paniw\Desktop\Peiravani_Manually Opt\Peiravani_manuOpt\Peiravani_manuOpt\dotProduct.cpp(30,21): error C2065: 'ptr': undeclared identifier
C:\Users\paniw\Desktop\Peiravani_Manually Opt\Peiravani_manuOpt\Peiravani_manuOpt\dotProduct.cpp(30,34): error C2065: 'xmm0': undeclared identifier
  main.cpp
C:\Users\paniw\Desktop\Peiravani_Manually Opt\Peiravani_manuOpt\Peiravani_manuOpt\main.cpp(21,18): warning C4244: '=': conversion from 'double' to '_Ty', possible loss of data
          with
          [
              _Ty=float
          ]
C:\Users\paniw\Desktop\Peiravani_Manually Opt\Peiravani_manuOpt\Peiravani_manuOpt\main.cpp(22,18): warning C4244: '=': conversion from 'double' to '_Ty', possible loss of data
          with
          [
              _Ty=float
          ]
C:\Users\paniw\Desktop\Peiravani_Manually Opt\Peiravani_manuOpt\Peiravani_manuOpt\main.cpp(38,56): warning C4267: 'argument': conversion from 'size_t' to 'const int', possible loss of data
  Generating Code...

Project Performance Summary:
     2518 ms  C:\Users\paniw\Desktop\Peiravani_Manually Opt\Peiravani_manuOpt\Peiravani_manuOpt\Peiravani_manuOpt.vcxproj   1 calls
               2518 ms  Build                                      1 calls

Target Performance Summary:
        0 ms  BeforeBuildGenerateSources                 1 calls
        0 ms  AfterResolveReferences                     1 calls
        0 ms  ResolveReferences                          1 calls
        0 ms  SelectClCompile                            1 calls
        0 ms  PreBuildEvent                              1 calls
        0 ms  _SelectedFiles                             1 calls
        0 ms  SelectCustomBuild                          1 calls
        0 ms  ComputeCustomBuildOutput                   1 calls
        0 ms  BuildCompileTraverse                       1 calls
        0 ms  ComputeCLInputPDBName                      1 calls
        0 ms  MakeDirsForMidl                            1 calls
        0 ms  AfterMidl                                  1 calls
        0 ms  _Midl                                      1 calls
        0 ms  AfterBuildGenerateSources                  1 calls
        0 ms  AfterBuildGenerateSourcesEvent             1 calls
        0 ms  _BuildGenerateSourcesAction                1 calls
        0 ms  BuildGenerateSources                       1 calls
        0 ms  _Xsd                                       1 calls
        0 ms  ExpandSDKReferences                        1 calls
        0 ms  BeforeClCompile                            1 calls
        0 ms  FindReferenceAssembliesForReferences       1 calls
        0 ms  ComputeReferenceCLInput                    1 calls
        0 ms  _PrepareForReferenceResolution             1 calls
        0 ms  BeforeResolveReferences                    1 calls
        0 ms  _SplitProjectReferencesByFileExistence     1 calls
        0 ms  _AddOutputPathToGlobalPropertiesToRemove   1 calls
        0 ms  ResolveSDKReferences                       1 calls
        0 ms  GetFrameworkPaths                          1 calls
        0 ms  PrepareProjectReferences                   1 calls
        0 ms  AddExternalIncludDirectoriesToPaths        1 calls
        0 ms  GetReferencedVCProjectsInfo                1 calls
        0 ms  SetCABuildNativeEnvironmentVariables       1 calls
        1 ms  MakeDirsForCl                              1 calls
        1 ms  CopyFileToFolders                          1 calls
        1 ms  ResolveProjectReferences                   1 calls
        1 ms  ComputeMIDLGeneratedCompileInputs          1 calls
        1 ms  BuildGenerateSourcesTraverse               1 calls
        1 ms  ResolveAssemblyReferences                  1 calls
        1 ms  GetResolvedWinMD                           1 calls
        1 ms  _PrepareForBuild                           1 calls
        2 ms  WarnCompileDuplicatedFilename              1 calls
        2 ms  GetReferenceAssemblyPaths                  1 calls
        2 ms  SetBuildDefaultEnvironmentVariables        1 calls
        3 ms  AssignProjectConfiguration                 1 calls
        3 ms  FixupCLCompileOptions                      1 calls
        4 ms  _CheckWindowsSDKInstalled                  1 calls
        7 ms  InitializeBuildStatus                      1 calls
       12 ms  SetTelemetryEnvironmentVariables           1 calls
       14 ms  PrepareForBuild                            1 calls
       24 ms  CustomBuild                                1 calls
       37 ms  _CheckForInvalidConfigurationAndPlatform   1 calls
       65 ms  _GetProjectReferenceTargetFrameworkProperties   1 calls
     2331 ms  ClCompile                                  1 calls

Task Performance Summary:
        0 ms  MSBuild                                    1 calls
        0 ms  ReadLinesFromFile                          1 calls
        0 ms  Delete                                     1 calls
        1 ms  SetRidAgnosticValueForProjects             1 calls
        2 ms  Message                                    2 calls
        2 ms  WriteLinesToFile                           1 calls
        2 ms  AssignProjectConfiguration                 1 calls
        3 ms  CheckVCToolsetVersion                      1 calls
        3 ms  Touch                                      1 calls
        4 ms  SetEnv                                     9 calls
        7 ms  MakeDir                                    5 calls
       24 ms  GetOutOfDateItems                          3 calls
     2326 ms  CL                                         1 calls
